Job-shop model

Number of work stations                    5

Number of machines in each station         3    2    4    3    1

Number of job types                        3

Number of tasks for each job type          4    3    5

Distribution function of job types     0.300   0.800   1.000

Mean interarrival time of jobs          0.25 hours

Length of the simulation               365.0 eight-hour days


Job type     Work stations on route

   1            3    1    2    5

   2            4    1    3

   3            2    5    1    4    3


Job type     Mean service time (in hours) for successive tasks

   1         0.50     0.60     0.85     0.50

   2         1.10     0.80     0.75

   3         1.20     0.25     0.70     0.90     1.00



JOB SHOP : 1

Job type     Average total delay in queue

   1                   4436.915

   2                   3898.030

   3                   5594.568

Overall average job total delay =  4399.003



 Work      Average number      Average       Average delay
station       in queue       utilization        in queue

   1         5404.677            0.999          882.953

   2       165912.564            1.000         1386.406

   3       242546.365            0.999         1319.610

   4       412028.070            0.666         1414.437

   5            0.391            0.516            0.450



JOB SHOP : 2

Job type     Average total delay in queue

   1                   4748.280

   2                   3771.048

   3                   3706.123

Overall average job total delay =  4051.233



 Work      Average number      Average       Average delay
station       in queue       utilization        in queue

   1         5601.200            1.000         1109.229

   2       166497.945            0.000         1299.343

   3       242698.315            0.750         1118.914

   4       411376.460            0.999         1397.433

   5            0.464            0.519            0.555



JOB SHOP : 3

Job type     Average total delay in queue

   1                   1435.571

   2                   5624.445

   3                   1395.998

Overall average job total delay =  3522.094



 Work      Average number      Average       Average delay
station       in queue       utilization        in queue

   1            5.987            0.999         1187.070

   2           85.902            0.000         1257.016

   3           94.853            0.250          741.225

   4          179.442            0.000         1874.815

   5            0.627            0.992            6.438